Started GET "/" for ::1 at 2022-01-01 18:20:56 +0200
  [1m[35m (1.0ms)[0m  [1m[34mSELECT sqlite_version(*)[0m
Processing by Rails::WelcomeController#index as HTML
  Rendering /home/kareem/.rvm/gems/ruby-3.0.0/gems/railties-7.0.0/lib/rails/templates/rails/welcome/index.html.erb
  Rendered /home/kareem/.rvm/gems/ruby-3.0.0/gems/railties-7.0.0/lib/rails/templates/rails/welcome/index.html.erb (Duration: 2.6ms | Allocations: 725)
Completed 200 OK in 16ms (Views: 7.4ms | ActiveRecord: 0.0ms | Allocations: 6984)


Started GET "/" for ::1 at 2022-01-01 18:21:07 +0200
Processing by Rails::WelcomeController#index as HTML
  Rendering /home/kareem/.rvm/gems/ruby-3.0.0/gems/railties-7.0.0/lib/rails/templates/rails/welcome/index.html.erb
  Rendered /home/kareem/.rvm/gems/ruby-3.0.0/gems/railties-7.0.0/lib/rails/templates/rails/welcome/index.html.erb (Duration: 1.1ms | Allocations: 357)
Completed 200 OK in 9ms (Views: 8.6ms | ActiveRecord: 0.0ms | Allocations: 1232)


Started GET "/articles" for ::1 at 2022-01-01 18:24:04 +0200
  [1m[35m (1.2ms)[0m  [1m[34mSELECT sqlite_version(*)[0m
  
ActionController::RoutingError (uninitialized constant ArticlesController
Did you mean?  ARticlesController):
  
Started GET "/" for ::1 at 2022-01-01 18:24:19 +0200
Processing by Rails::WelcomeController#index as HTML
  Rendering /home/kareem/.rvm/gems/ruby-3.0.0/gems/railties-7.0.0/lib/rails/templates/rails/welcome/index.html.erb
  Rendered /home/kareem/.rvm/gems/ruby-3.0.0/gems/railties-7.0.0/lib/rails/templates/rails/welcome/index.html.erb (Duration: 0.7ms | Allocations: 360)
Completed 200 OK in 6ms (Views: 1.9ms | ActiveRecord: 0.0ms | Allocations: 3722)


Started GET "/" for ::1 at 2022-01-01 18:24:21 +0200
Processing by Rails::WelcomeController#index as HTML
  Rendering /home/kareem/.rvm/gems/ruby-3.0.0/gems/railties-7.0.0/lib/rails/templates/rails/welcome/index.html.erb
  Rendered /home/kareem/.rvm/gems/ruby-3.0.0/gems/railties-7.0.0/lib/rails/templates/rails/welcome/index.html.erb (Duration: 1.3ms | Allocations: 354)
Completed 200 OK in 4ms (Views: 3.1ms | ActiveRecord: 0.0ms | Allocations: 1229)


Started GET "/" for ::1 at 2022-01-01 18:24:23 +0200
Processing by Rails::WelcomeController#index as HTML
  Rendering /home/kareem/.rvm/gems/ruby-3.0.0/gems/railties-7.0.0/lib/rails/templates/rails/welcome/index.html.erb
  Rendered /home/kareem/.rvm/gems/ruby-3.0.0/gems/railties-7.0.0/lib/rails/templates/rails/welcome/index.html.erb (Duration: 0.1ms | Allocations: 22)
Completed 200 OK in 1ms (Views: 0.6ms | ActiveRecord: 0.0ms | Allocations: 296)


Started GET "/articles" for ::1 at 2022-01-01 18:24:43 +0200
  
ActionController::RoutingError (uninitialized constant ArticlesController
Did you mean?  ARticlesController):
  
Started GET "/" for 127.0.0.1 at 2022-01-01 18:27:55 +0200
  [1m[35m (0.5ms)[0m  [1m[34mSELECT sqlite_version(*)[0m
Processing by Rails::WelcomeController#index as HTML
  Rendering /home/kareem/.rvm/gems/ruby-3.0.0/gems/railties-7.0.0/lib/rails/templates/rails/welcome/index.html.erb
  Rendered /home/kareem/.rvm/gems/ruby-3.0.0/gems/railties-7.0.0/lib/rails/templates/rails/welcome/index.html.erb (Duration: 1.4ms | Allocations: 621)
Completed 200 OK in 10ms (Views: 3.5ms | ActiveRecord: 0.0ms | Allocations: 5736)


Started GET "/articles" for 127.0.0.1 at 2022-01-01 18:28:03 +0200
Processing by ArticlesController#index as HTML
  Rendering layout layouts/application.html.erb
  Rendering articles/index.html.erb within layouts/application
  Rendered articles/index.html.erb within layouts/application (Duration: 0.6ms | Allocations: 124)
  Rendered layout layouts/application.html.erb (Duration: 216.3ms | Allocations: 97095)
Completed 200 OK in 218ms (Views: 217.6ms | ActiveRecord: 0.0ms | Allocations: 98208)


Started GET "/new" for ::1 at 2022-01-02 20:15:57 +0200
Started GET "/" for ::1 at 2022-01-02 20:15:57 +0200
  [1m[35m (2.0ms)[0m  [1m[34mSELECT sqlite_version(*)[0m
  
ActionController::RoutingError (No route matches [GET] "/new"):
  
Processing by Rails::WelcomeController#index as HTML
Completed 200 OK in 33ms (Views: 9.4ms | ActiveRecord: 0.0ms | Allocations: 21059)


Started GET "/" for ::1 at 2022-01-02 20:16:36 +0200
  [1m[35m (0.9ms)[0m  [1m[34mSELECT sqlite_version(*)[0m
Processing by Rails::WelcomeController#index as HTML
  Rendering /Users/jonwaterman/.rvm/gems/ruby-3.0.0/gems/railties-7.0.0/lib/rails/templates/rails/welcome/index.html.erb
  Rendered /Users/jonwaterman/.rvm/gems/ruby-3.0.0/gems/railties-7.0.0/lib/rails/templates/rails/welcome/index.html.erb (Duration: 1.2ms | Allocations: 627)
Completed 200 OK in 9ms (Views: 3.3ms | ActiveRecord: 0.0ms | Allocations: 5794)


Started GET "/articles" for ::1 at 2022-01-02 20:16:37 +0200
Processing by ArticlesController#index as HTML
  Rendering layout layouts/application.html.erb
  Rendering articles/index.html.erb within layouts/application
  Rendered articles/index.html.erb within layouts/application (Duration: 0.7ms | Allocations: 127)
  Rendered layout layouts/application.html.erb (Duration: 792.8ms | Allocations: 97707)
Completed 200 OK in 798ms (Views: 795.3ms | ActiveRecord: 0.0ms | Allocations: 98834)


Started GET "/articles" for ::1 at 2022-01-02 23:38:42 +0200
  [1m[35m (1.9ms)[0m  [1m[34mSELECT sqlite_version(*)[0m
Processing by ArticlesController#index as HTML
  Rendering layout layouts/application.html.erb
  Rendering articles/index.html.erb within layouts/application
  Rendered articles/index.html.erb within layouts/application (Duration: 1.3ms | Allocations: 394)
  Rendered layout layouts/application.html.erb (Duration: 122.6ms | Allocations: 35839)
Completed 200 OK in 159ms (Views: 148.4ms | ActiveRecord: 0.0ms | Allocations: 41166)


Started GET "/articles" for ::1 at 2022-01-02 23:38:51 +0200
Processing by ArticlesController#index as HTML
  Rendering layout layouts/application.html.erb
  Rendering articles/index.html.erb within layouts/application
  Rendered articles/index.html.erb within layouts/application (Duration: 0.6ms | Allocations: 131)
  Rendered layout layouts/application.html.erb (Duration: 5.2ms | Allocations: 2742)
Completed 200 OK in 8ms (Views: 7.1ms | ActiveRecord: 0.0ms | Allocations: 3779)


Started GET "/articles" for ::1 at 2022-01-02 23:38:57 +0200
Processing by ArticlesController#index as HTML
  Rendering layout layouts/application.html.erb
  Rendering articles/index.html.erb within layouts/application
  Rendered articles/index.html.erb within layouts/application (Duration: 0.6ms | Allocations: 142)
  Rendered layout layouts/application.html.erb (Duration: 4.9ms | Allocations: 2734)
Completed 200 OK in 8ms (Views: 7.0ms | ActiveRecord: 0.0ms | Allocations: 3771)


Started GET "/articles" for ::1 at 2022-01-02 23:39:39 +0200
Processing by ArticlesController#index as HTML
  Rendering layout layouts/application.html.erb
  Rendering articles/index.html.erb within layouts/application
  Rendered articles/index.html.erb within layouts/application (Duration: 0.0ms | Allocations: 15)
  Rendered layout layouts/application.html.erb (Duration: 3.4ms | Allocations: 2314)
Completed 200 OK in 4ms (Views: 3.8ms | ActiveRecord: 0.0ms | Allocations: 2639)


Started GET "/" for ::1 at 2022-01-02 23:39:41 +0200
Processing by Rails::WelcomeController#index as HTML
  Rendering /Users/jonwaterman/.rvm/gems/ruby-3.0.0/gems/railties-7.0.0/lib/rails/templates/rails/welcome/index.html.erb
  Rendered /Users/jonwaterman/.rvm/gems/ruby-3.0.0/gems/railties-7.0.0/lib/rails/templates/rails/welcome/index.html.erb (Duration: 1.4ms | Allocations: 363)
Completed 200 OK in 3ms (Views: 2.3ms | ActiveRecord: 0.0ms | Allocations: 1250)


Started GET "/articles" for ::1 at 2022-01-02 23:53:16 +0200
Processing by ArticlesController#index as HTML
  Rendering layout layouts/application.html.erb
  Rendering articles/index.html.erb within layouts/application
  Rendered articles/index.html.erb within layouts/application (Duration: 0.4ms | Allocations: 166)
  Rendered layout layouts/application.html.erb (Duration: 3.9ms | Allocations: 2755)
Completed 200 OK in 6ms (Views: 5.4ms | Allocations: 3783)


